Determining if the pthread_create exist failed with the following output:
Change Dir: /home/robond/Desktop/GoChaseIt_robot/catkin_ws/build/CMakeFiles/CMakeTmp

Run Build Command:"/usr/bin/make" "cmTC_f04cf/fast"
/usr/bin/make -f CMakeFiles/cmTC_f04cf.dir/build.make CMakeFiles/cmTC_f04cf.dir/build
make[1]: Entering directory '/home/robond/Desktop/GoChaseIt_robot/catkin_ws/build/CMakeFiles/CMakeTmp'
Building C object CMakeFiles/cmTC_f04cf.dir/CheckSymbolExists.c.o
/usr/bin/cc     -o CMakeFiles/cmTC_f04cf.dir/CheckSymbolExists.c.o   -c /home/robond/Desktop/GoChaseIt_robot/catkin_ws/build/CMakeFiles/CMakeTmp/CheckSymbolExists.c
Linking C executable cmTC_f04cf
/usr/bin/cmake -E cmake_link_script CMakeFiles/cmTC_f04cf.dir/link.txt --verbose=1
/usr/bin/cc       CMakeFiles/cmTC_f04cf.dir/CheckSymbolExists.c.o  -o cmTC_f04cf -rdynamic 
CMakeFiles/cmTC_f04cf.dir/CheckSymbolExists.c.o: In function `main':
CheckSymbolExists.c:(.text+0x16): undefined reference to `pthread_create'
collect2: error: ld returned 1 exit status
CMakeFiles/cmTC_f04cf.dir/build.make:97: recipe for target 'cmTC_f04cf' failed
make[1]: *** [cmTC_f04cf] Error 1
make[1]: Leaving directory '/home/robond/Desktop/GoChaseIt_robot/catkin_ws/build/CMakeFiles/CMakeTmp'
Makefile:126: recipe for target 'cmTC_f04cf/fast' failed
make: *** [cmTC_f04cf/fast] Error 2

File /home/robond/Desktop/GoChaseIt_robot/catkin_ws/build/CMakeFiles/CMakeTmp/CheckSymbolExists.c:
/* */
#include <pthread.h>

int main(int argc, char** argv)
{
  (void)argv;
#ifndef pthread_create
  return ((int*)(&pthread_create))[argc];
#else
  (void)argc;
  return 0;
#endif
}

Determining if the function pthread_create exists in the pthreads failed with the following output:
Change Dir: /home/robond/Desktop/GoChaseIt_robot/catkin_ws/build/CMakeFiles/CMakeTmp

Run Build Command:"/usr/bin/make" "cmTC_e31ad/fast"
/usr/bin/make -f CMakeFiles/cmTC_e31ad.dir/build.make CMakeFiles/cmTC_e31ad.dir/build
make[1]: Entering directory '/home/robond/Desktop/GoChaseIt_robot/catkin_ws/build/CMakeFiles/CMakeTmp'
Building C object CMakeFiles/cmTC_e31ad.dir/CheckFunctionExists.c.o
/usr/bin/cc    -DCHECK_FUNCTION_EXISTS=pthread_create   -o CMakeFiles/cmTC_e31ad.dir/CheckFunctionExists.c.o   -c /usr/share/cmake-3.5/Modules/CheckFunctionExists.c
Linking C executable cmTC_e31ad
/usr/bin/cmake -E cmake_link_script CMakeFiles/cmTC_e31ad.dir/link.txt --verbose=1
/usr/bin/cc   -DCHECK_FUNCTION_EXISTS=pthread_create    CMakeFiles/cmTC_e31ad.dir/CheckFunctionExists.c.o  -o cmTC_e31ad -rdynamic -lpthreads 
/usr/bin/ld: cannot find -lpthreads
collect2: error: ld returned 1 exit status
CMakeFiles/cmTC_e31ad.dir/build.make:97: recipe for target 'cmTC_e31ad' failed
make[1]: *** [cmTC_e31ad] Error 1
make[1]: Leaving directory '/home/robond/Desktop/GoChaseIt_robot/catkin_ws/build/CMakeFiles/CMakeTmp'
Makefile:126: recipe for target 'cmTC_e31ad/fast' failed
make: *** [cmTC_e31ad/fast] Error 2


